<?xml version="1.0" encoding="UTF-8"?>
<!-- Generated by org.testng.reporters.JUnitReportReporter -->
<testsuite hostname="User" failures="0" tests="41" name="com.keyworddriven.SmokeTest" time="185.009" errors="1" timestamp="04 Apr 2020 06:11:41 GMT" skipped="0">
  <testcase classname="com.keyworddriven.SmokeTest" name="tc_16" time="0.104"/>
  <testcase classname="com.keyworddriven.SmokeTest" name="tc_23" time="0.116"/>
  <testcase classname="com.keyworddriven.SmokeTest" name="tc_39" time="7.967"/>
  <testcase classname="com.keyworddriven.SmokeTest" name="tc_17" time="2.265"/>
  <testcase classname="com.keyworddriven.SmokeTest" name="tc_14" time="16.529"/>
  <testcase classname="com.keyworddriven.SmokeTest" name="tc_06" time="4.052"/>
  <testcase classname="com.keyworddriven.SmokeTest" name="tc_03" time="0.044"/>
  <testcase classname="com.keyworddriven.SmokeTest" name="tc_25" time="9.829"/>
  <testcase classname="com.keyworddriven.SmokeTest" name="tc_33" time="0.096"/>
  <testcase classname="com.keyworddriven.SmokeTest" name="tc_13" time="2.335"/>
  <testcase classname="com.keyworddriven.SmokeTest" name="tc_36" time="0.126"/>
  <testcase classname="com.keyworddriven.SmokeTest" name="tc_05" time="24.645"/>
  <testcase classname="com.keyworddriven.SmokeTest" name="tc_21" time="0.108"/>
  <testcase classname="com.keyworddriven.SmokeTest" name="tc_34" time="0.093"/>
  <testcase classname="com.keyworddriven.SmokeTest" name="tc_09" time="0.166"/>
  <testcase classname="com.keyworddriven.SmokeTest" name="tc_08" time="7.339"/>
  <testcase classname="com.keyworddriven.SmokeTest" name="tc_41" time="0.140"/>
  <testcase classname="com.keyworddriven.SmokeTest" name="tc_22" time="10.061"/>
  <testcase classname="com.keyworddriven.SmokeTest" name="tc_30" time="0.110"/>
  <testcase classname="com.keyworddriven.SmokeTest" name="tc_40" time="27.182">
    <error message="no such element: Unable to locate element: {&quot;method&quot;:&quot;css selector&quot;,&quot;selector&quot;:&quot;a[href=&quot;/gp/goldbox?ref_=nav_cs_gb&quot;]&quot;}
  (Session info: chrome=80.0.3987.149)
For documentation on this error, please visit: https://www.seleniumhq.org/exceptions/no_such_element.html
Build info: version: &#039;3.141.59&#039;, revision: &#039;e82be7d358&#039;, time: &#039;2018-11-14T08:17:03&#039;
System info: host: &#039;USER&#039;, ip: &#039;192.168.43.221&#039;, os.name: &#039;Windows 8.1&#039;, os.arch: &#039;amd64&#039;, os.version: &#039;6.3&#039;, java.version: &#039;12.0.2&#039;
Driver info: org.openqa.selenium.chrome.ChromeDriver
Capabilities {acceptInsecureCerts: false, browserName: chrome, browserVersion: 80.0.3987.149, chrome: {chromedriverVersion: 80.0.3987.106 (f68069574609..., userDataDir: C:\Users\HP\AppData\Local\T...}, goog:chromeOptions: {debuggerAddress: localhost:53742}, javascriptEnabled: true, networkConnectionEnabled: false, pageLoadStrategy: normal, platform: WINDOWS, platformName: WINDOWS, proxy: Proxy(), setWindowRect: true, strictFileInteractability: false, timeouts: {implicit: 0, pageLoad: 300000, script: 30000}, unhandledPromptBehavior: dismiss and notify}
Session ID: 1ee899d42064b08ecfd56800962af637
*** Element info: {Using=css selector, value=a[href=&quot;/gp/goldbox?ref_=nav_cs_gb&quot;]}" type="org.openqa.selenium.NoSuchElementException">
      <![CDATA[org.openqa.selenium.NoSuchElementException: no such element: Unable to locate element: {"method":"css selector","selector":"a[href="/gp/goldbox?ref_=nav_cs_gb"]"}
  (Session info: chrome=80.0.3987.149)
For documentation on this error, please visit: https://www.seleniumhq.org/exceptions/no_such_element.html
Build info: version: '3.141.59', revision: 'e82be7d358', time: '2018-11-14T08:17:03'
System info: host: 'USER', ip: '192.168.43.221', os.name: 'Windows 8.1', os.arch: 'amd64', os.version: '6.3', java.version: '12.0.2'
Driver info: org.openqa.selenium.chrome.ChromeDriver
Capabilities {acceptInsecureCerts: false, browserName: chrome, browserVersion: 80.0.3987.149, chrome: {chromedriverVersion: 80.0.3987.106 (f68069574609..., userDataDir: C:\Users\HP\AppData\Local\T...}, goog:chromeOptions: {debuggerAddress: localhost:53742}, javascriptEnabled: true, networkConnectionEnabled: false, pageLoadStrategy: normal, platform: WINDOWS, platformName: WINDOWS, proxy: Proxy(), setWindowRect: true, strictFileInteractability: false, timeouts: {implicit: 0, pageLoad: 300000, script: 30000}, unhandledPromptBehavior: dismiss and notify}
Session ID: 1ee899d42064b08ecfd56800962af637
*** Element info: {Using=css selector, value=a[href="/gp/goldbox?ref_=nav_cs_gb"]}
at java.base/jdk.internal.reflect.NativeConstructorAccessorImpl.newInstance0(Native Method)
at java.base/jdk.internal.reflect.NativeConstructorAccessorImpl.newInstance(NativeConstructorAccessorImpl.java:62)
at java.base/jdk.internal.reflect.DelegatingConstructorAccessorImpl.newInstance(DelegatingConstructorAccessorImpl.java:45)
at java.base/java.lang.reflect.Constructor.newInstanceWithCaller(Constructor.java:500)
at java.base/java.lang.reflect.Constructor.newInstance(Constructor.java:481)
at org.openqa.selenium.remote.http.W3CHttpResponseCodec.createException(W3CHttpResponseCodec.java:187)
at org.openqa.selenium.remote.http.W3CHttpResponseCodec.decode(W3CHttpResponseCodec.java:122)
at org.openqa.selenium.remote.http.W3CHttpResponseCodec.decode(W3CHttpResponseCodec.java:49)
at org.openqa.selenium.remote.HttpCommandExecutor.execute(HttpCommandExecutor.java:158)
at org.openqa.selenium.remote.service.DriverCommandExecutor.execute(DriverCommandExecutor.java:83)
at org.openqa.selenium.remote.RemoteWebDriver.execute(RemoteWebDriver.java:552)
at org.openqa.selenium.remote.RemoteWebDriver.findElement(RemoteWebDriver.java:323)
at org.openqa.selenium.remote.RemoteWebDriver.findElementByCssSelector(RemoteWebDriver.java:420)
at org.openqa.selenium.By$ByCssSelector.findElement(By.java:431)
at org.openqa.selenium.remote.RemoteWebDriver.findElement(RemoteWebDriver.java:315)
at com.keyworddriven.Keyword.getWebElement(Keyword.java:159)
at com.keyworddriven.Keyword.hoverOnElement(Keyword.java:232)
at com.keyworddriven.SmokeTest.tc_40(SmokeTest.java:377)
at java.base/jdk.internal.reflect.NativeMethodAccessorImpl.invoke0(Native Method)
at java.base/jdk.internal.reflect.NativeMethodAccessorImpl.invoke(NativeMethodAccessorImpl.java:62)
at java.base/jdk.internal.reflect.DelegatingMethodAccessorImpl.invoke(DelegatingMethodAccessorImpl.java:43)
at java.base/java.lang.reflect.Method.invoke(Method.java:567)
at org.testng.internal.MethodInvocationHelper.invokeMethod(MethodInvocationHelper.java:124)
at org.testng.internal.Invoker.invokeMethod(Invoker.java:583)
at org.testng.internal.Invoker.invokeTestMethod(Invoker.java:719)
at org.testng.internal.Invoker.invokeTestMethods(Invoker.java:989)
at org.testng.internal.TestMethodWorker.invokeTestMethods(TestMethodWorker.java:125)
at org.testng.internal.TestMethodWorker.run(TestMethodWorker.java:109)
at org.testng.TestRunner.privateRun(TestRunner.java:648)
at org.testng.TestRunner.run(TestRunner.java:505)
at org.testng.SuiteRunner.runTest(SuiteRunner.java:455)
at org.testng.SuiteRunner.runSequentially(SuiteRunner.java:450)
at org.testng.SuiteRunner.privateRun(SuiteRunner.java:415)
at org.testng.SuiteRunner.run(SuiteRunner.java:364)
at org.testng.SuiteRunnerWorker.runSuite(SuiteRunnerWorker.java:52)
at org.testng.SuiteRunnerWorker.run(SuiteRunnerWorker.java:84)
at org.testng.TestNG.runSuitesSequentially(TestNG.java:1208)
at org.testng.TestNG.runSuitesLocally(TestNG.java:1137)
at org.testng.TestNG.runSuites(TestNG.java:1049)
at org.testng.TestNG.run(TestNG.java:1017)
at org.testng.remote.AbstractRemoteTestNG.run(AbstractRemoteTestNG.java:115)
at org.testng.remote.RemoteTestNG.initAndRun(RemoteTestNG.java:251)
at org.testng.remote.RemoteTestNG.main(RemoteTestNG.java:77)
]]>
    </error>
  </testcase> <!-- tc_40 -->
  <testcase classname="com.keyworddriven.SmokeTest" name="tc_26" time="0.110"/>
  <testcase classname="com.keyworddriven.SmokeTest" name="tc_11" time="13.074"/>
  <testcase classname="com.keyworddriven.SmokeTest" name="tc_35" time="6.772"/>
  <testcase classname="com.keyworddriven.SmokeTest" name="tc_15" time="6.483"/>
  <testcase classname="com.keyworddriven.SmokeTest" name="tc_38" time="0.106"/>
  <testcase classname="com.keyworddriven.SmokeTest" name="tc_31" time="6.534"/>
  <testcase classname="com.keyworddriven.SmokeTest" name="tc_04" time="1.945"/>
  <testcase classname="com.keyworddriven.SmokeTest" name="tc_24" time="0.100"/>
  <testcase classname="com.keyworddriven.SmokeTest" name="tc_27" time="0.102"/>
  <testcase classname="com.keyworddriven.SmokeTest" name="tc_12" time="0.108"/>
  <testcase classname="com.keyworddriven.SmokeTest" name="tc_28" time="6.494"/>
  <testcase classname="com.keyworddriven.SmokeTest" name="tc_32" time="0.136"/>
  <testcase classname="com.keyworddriven.SmokeTest" name="tc_19" time="0.165"/>
  <testcase classname="com.keyworddriven.SmokeTest" name="tc_20" time="0.128"/>
  <testcase classname="com.keyworddriven.SmokeTest" name="tc_37" time="0.090"/>
  <testcase classname="com.keyworddriven.SmokeTest" name="tc_02" time="0.038"/>
  <testcase classname="com.keyworddriven.SmokeTest" name="tc_29" time="0.115"/>
  <testcase classname="com.keyworddriven.SmokeTest" name="tc_01" time="18.305"/>
  <testcase classname="com.keyworddriven.SmokeTest" name="tc_18" time="10.386"/>
  <testcase classname="com.keyworddriven.SmokeTest" name="tc_10" time="0.126"/>
  <testcase classname="com.keyworddriven.SmokeTest" name="tc_07" time="0.385"/>
</testsuite> <!-- com.keyworddriven.SmokeTest -->
